# JRE version: Java(TM) SE Runtime Environment (8.0_181-b13) (build 1.8.0_181-b13)
# Java VM: Java HotSpot(TM) 64-Bit Server VM (25.181-b13 mixed mode windows-amd64 compressed oops)
Heap:
 PSYoungGen      total 299520K, used 290158K [0x000000076b400000, 0x000000077f180000, 0x00000007c0000000)
  eden space 291840K, 96% used [0x000000076b400000,0x000000077c7dda80,0x000000077d100000)
  from space 7680K, 99% used [0x000000077ea00000,0x000000077f17e140,0x000000077f180000)
  to   space 12800K, 0% used [0x000000077d880000,0x000000077d880000,0x000000077e500000)
 ParOldGen       total 163328K, used 20459K [0x00000006c1c00000, 0x00000006cbb80000, 0x000000076b400000)
  object space 163328K, 12% used [0x00000006c1c00000,0x00000006c2ffaea8,0x00000006cbb80000)
 Metaspace       used 43618K, capacity 44064K, committed 44464K, reserved 1087488K
  class space    used 5371K, capacity 5481K, committed 5552K, reserved 1048576K
GC Heap History (10 events):
Event: 2.929 GC heap before
{Heap before GC invocations=6 (full 1):
 PSYoungGen      total 141824K, used 131072K [0x000000076b400000, 0x0000000774900000, 0x00000007c0000000)
  eden space 131072K, 100% used [0x000000076b400000,0x0000000773400000,0x0000000773400000)
  from space 10752K, 0% used [0x0000000773e80000,0x0000000773e80000,0x0000000774900000)
  to   space 10752K, 0% used [0x0000000773400000,0x0000000773400000,0x0000000773e80000)
 ParOldGen       total 97792K, used 6712K [0x00000006c1c00000, 0x00000006c7b80000, 0x000000076b400000)
  object space 97792K, 6% used [0x00000006c1c00000,0x00000006c228e1e0,0x00000006c7b80000)
 Metaspace       used 25640K, capacity 26018K, committed 26288K, reserved 1073152K
  class space    used 3115K, capacity 3218K, committed 3248K, reserved 1048576K
Event: 2.935 GC heap after
Heap after GC invocations=6 (full 1):
 PSYoungGen      total 141824K, used 7335K [0x000000076b400000, 0x0000000778e00000, 0x00000007c0000000)
  eden space 131072K, 0% used [0x000000076b400000,0x000000076b400000,0x0000000773400000)
  from space 10752K, 68% used [0x0000000773400000,0x0000000773b29fe8,0x0000000773e80000)
  to   space 8704K, 0% used [0x0000000778580000,0x0000000778580000,0x0000000778e00000)
 ParOldGen       total 97792K, used 6720K [0x00000006c1c00000, 0x00000006c7b80000, 0x000000076b400000)
  object space 97792K, 6% used [0x00000006c1c00000,0x00000006c22901e0,0x00000006c7b80000)
 Metaspace       used 25640K, capacity 26018K, committed 26288K, reserved 1073152K
  class space    used 3115K, capacity 3218K, committed 3248K, reserved 1048576K
}
Event: 3.875 GC heap before
{Heap before GC invocations=7 (full 1):
 PSYoungGen      total 141824K, used 138407K [0x000000076b400000, 0x0000000778e00000, 0x00000007c0000000)
  eden space 131072K, 100% used [0x000000076b400000,0x0000000773400000,0x0000000773400000)
  from space 10752K, 68% used [0x0000000773400000,0x0000000773b29fe8,0x0000000773e80000)
  to   space 8704K, 0% used [0x0000000778580000,0x0000000778580000,0x0000000778e00000)
 ParOldGen       total 97792K, used 6720K [0x00000006c1c00000, 0x00000006c7b80000, 0x000000076b400000)
  object space 97792K, 6% used [0x00000006c1c00000,0x00000006c22901e0,0x00000006c7b80000)
 Metaspace       used 30428K, capacity 30814K, committed 31280K, reserved 1077248K
  class space    used 3706K, capacity 3804K, committed 3888K, reserved 1048576K
Event: 3.886 GC heap after
Heap after GC invocations=7 (full 1):
 PSYoungGen      total 210432K, used 8703K [0x000000076b400000, 0x0000000778e00000, 0x00000007c0000000)
  eden space 201728K, 0% used [0x000000076b400000,0x000000076b400000,0x0000000777900000)
  from space 8704K, 99% used [0x0000000778580000,0x0000000778dffc48,0x0000000778e00000)
  to   space 9728K, 0% used [0x0000000777b00000,0x0000000777b00000,0x0000000778480000)
 ParOldGen       total 97792K, used 7057K [0x00000006c1c00000, 0x00000006c7b80000, 0x000000076b400000)
  object space 97792K, 7% used [0x00000006c1c00000,0x00000006c22e46a8,0x00000006c7b80000)
 Metaspace       used 30428K, capacity 30814K, committed 31280K, reserved 1077248K
  class space    used 3706K, capacity 3804K, committed 3888K, reserved 1048576K
}
Event: 4.939 GC heap before
{Heap before GC invocations=8 (full 1):
 PSYoungGen      total 210432K, used 171046K [0x000000076b400000, 0x0000000778e00000, 0x00000007c0000000)
  eden space 201728K, 80% used [0x000000076b400000,0x0000000775289ef0,0x0000000777900000)
  from space 8704K, 99% used [0x0000000778580000,0x0000000778dffc48,0x0000000778e00000)
  to   space 9728K, 0% used [0x0000000777b00000,0x0000000777b00000,0x0000000778480000)
 ParOldGen       total 97792K, used 7057K [0x00000006c1c00000, 0x00000006c7b80000, 0x000000076b400000)
  object space 97792K, 7% used [0x00000006c1c00000,0x00000006c22e46a8,0x00000006c7b80000)
 Metaspace       used 34807K, capacity 35120K, committed 35496K, reserved 1081344K
  class space    used 4235K, capacity 4319K, committed 4400K, reserved 1048576K
Event: 4.952 GC heap after
Heap after GC invocations=8 (full 1):
 PSYoungGen      total 213504K, used 9700K [0x000000076b400000, 0x000000077f700000, 0x00000007c0000000)
  eden space 203776K, 0% used [0x000000076b400000,0x000000076b400000,0x0000000777b00000)
  from space 9728K, 99% used [0x0000000777b00000,0x00000007784792f0,0x0000000778480000)
  to   space 13312K, 0% used [0x000000077ea00000,0x000000077ea00000,0x000000077f700000)
 ParOldGen       total 97792K, used 12917K [0x00000006c1c00000, 0x00000006c7b80000, 0x000000076b400000)
  object space 97792K, 13% used [0x00000006c1c00000,0x00000006c289d4b8,0x00000006c7b80000)
 Metaspace       used 34807K, capacity 35120K, committed 35496K, reserved 1081344K
  class space    used 4235K, capacity 4319K, committed 4400K, reserved 1048576K
}
Event: 4.952 GC heap before
{Heap before GC invocations=9 (full 2):
 PSYoungGen      total 213504K, used 9700K [0x000000076b400000, 0x000000077f700000, 0x00000007c0000000)
  eden space 203776K, 0% used [0x000000076b400000,0x000000076b400000,0x0000000777b00000)
  from space 9728K, 99% used [0x0000000777b00000,0x00000007784792f0,0x0000000778480000)
  to   space 13312K, 0% used [0x000000077ea00000,0x000000077ea00000,0x000000077f700000)
 ParOldGen       total 97792K, used 12917K [0x00000006c1c00000, 0x00000006c7b80000, 0x000000076b400000)
  object space 97792K, 13% used [0x00000006c1c00000,0x00000006c289d4b8,0x00000006c7b80000)
 Metaspace       used 34807K, capacity 35120K, committed 35496K, reserved 1081344K
  class space    used 4235K, capacity 4319K, committed 4400K, reserved 1048576K
Event: 5.021 GC heap after
Heap after GC invocations=9 (full 2):
 PSYoungGen      total 213504K, used 0K [0x000000076b400000, 0x000000077f700000, 0x00000007c0000000)
  eden space 203776K, 0% used [0x000000076b400000,0x000000076b400000,0x0000000777b00000)
  from space 9728K, 0% used [0x0000000777b00000,0x0000000777b00000,0x0000000778480000)
  to   space 13312K, 0% used [0x000000077ea00000,0x000000077ea00000,0x000000077f700000)
 ParOldGen       total 163328K, used 20451K [0x00000006c1c00000, 0x00000006cbb80000, 0x000000076b400000)
  object space 163328K, 12% used [0x00000006c1c00000,0x00000006c2ff8ea8,0x00000006cbb80000)
 Metaspace       used 34807K, capacity 35120K, committed 35496K, reserved 1081344K
  class space    used 4235K, capacity 4319K, committed 4400K, reserved 1048576K
}
Event: 5.961 GC heap before
{Heap before GC invocations=10 (full 2):
 PSYoungGen      total 213504K, used 203776K [0x000000076b400000, 0x000000077f700000, 0x00000007c0000000)
  eden space 203776K, 100% used [0x000000076b400000,0x0000000777b00000,0x0000000777b00000)
  from space 9728K, 0% used [0x0000000777b00000,0x0000000777b00000,0x0000000778480000)
  to   space 13312K, 0% used [0x000000077ea00000,0x000000077ea00000,0x000000077f700000)
 ParOldGen       total 163328K, used 20451K [0x00000006c1c00000, 0x00000006cbb80000, 0x000000076b400000)
  object space 163328K, 12% used [0x00000006c1c00000,0x00000006c2ff8ea8,0x00000006cbb80000)
 Metaspace       used 39271K, capacity 39656K, committed 40112K, reserved 1085440K
  class space    used 4830K, capacity 4931K, committed 5040K, reserved 1048576K
Event: 5.969 GC heap after
Heap after GC invocations=10 (full 2):
 PSYoungGen      total 299520K, used 7672K [0x000000076b400000, 0x000000077f180000, 0x00000007c0000000)
  eden space 291840K, 0% used [0x000000076b400000,0x000000076b400000,0x000000077d100000)
  from space 7680K, 99% used [0x000000077ea00000,0x000000077f17e140,0x000000077f180000)
  to   space 12800K, 0% used [0x000000077d880000,0x000000077d880000,0x000000077e500000)
 ParOldGen       total 163328K, used 20459K [0x00000006c1c00000, 0x00000006cbb80000, 0x000000076b400000)
  object space 163328K, 12% used [0x00000006c1c00000,0x00000006c2ffaea8,0x00000006cbb80000)
 Metaspace       used 39271K, capacity 39656K, committed 40112K, reserved 1085440K
  class space    used 4830K, capacity 4931K, committed 5040K, reserved 1048576K
}

